2024-09-27 15:50:51.062 [info] [main] 로그 수준: Info
2024-09-27 15:50:51.062 [info] [main] "git"에서 찾은 git 유효성을 검사하는 중
2024-09-27 15:50:51.062 [info] [main] "2.43.5"에서 git "git"을(를) 사용하는 중
2024-09-27 15:50:51.062 [info] [Model][doInitialScan] Initial repository scan started
2024-09-27 15:50:51.062 [info] > git rev-parse --show-toplevel [6ms]
2024-09-27 15:50:51.062 [info] fatal: not a git repository (or any of the parent directories): .git
2024-09-27 15:50:51.062 [info] > git rev-parse --show-toplevel [4ms]
2024-09-27 15:50:51.062 [info] fatal: not a git repository (or any of the parent directories): .git
2024-09-27 15:50:51.062 [info] > git rev-parse --show-toplevel [3ms]
2024-09-27 15:50:51.062 [info] fatal: not a git repository (or any of the parent directories): .git
2024-09-27 15:50:51.062 [info] [Model][doInitialScan] Initial repository scan completed - repositories (0), closed repositories (0), parent repositories (0), unsafe repositories (0)
2024-09-27 15:50:52.572 [info] > git rev-parse --show-toplevel [2ms]
2024-09-27 15:50:52.572 [info] fatal: not a git repository (or any of the parent directories): .git
2024-09-27 15:51:06.883 [info] [main] 로그 수준: Info
2024-09-27 15:51:06.883 [info] [main] "git"에서 찾은 git 유효성을 검사하는 중
2024-09-27 15:51:06.883 [info] [main] "2.43.5"에서 git "git"을(를) 사용하는 중
2024-09-27 15:51:06.883 [info] [Model][doInitialScan] Initial repository scan started
2024-09-27 15:51:06.883 [info] > git rev-parse --show-toplevel [3ms]
2024-09-27 15:51:06.883 [info] fatal: not a git repository (or any of the parent directories): .git
2024-09-27 15:51:06.887 [info] > git rev-parse --show-toplevel [6ms]
2024-09-27 15:51:06.887 [info] fatal: not a git repository (or any of the parent directories): .git
2024-09-27 15:51:06.893 [info] > git rev-parse --show-toplevel [4ms]
2024-09-27 15:51:06.893 [info] fatal: not a git repository (or any of the parent directories): .git
2024-09-27 15:51:06.897 [info] > git rev-parse --show-toplevel [1ms]
2024-09-27 15:51:06.897 [info] fatal: not a git repository (or any of the parent directories): .git
2024-09-27 15:51:06.898 [info] [Model][doInitialScan] Initial repository scan completed - repositories (0), closed repositories (0), parent repositories (0), unsafe repositories (0)
2024-09-27 15:51:20.687 [info] > git rev-parse --show-toplevel [1ms]
2024-09-27 15:51:20.687 [info] fatal: not a git repository (or any of the parent directories): .git
2024-09-27 15:52:49.751 [info] > git rev-parse --show-toplevel [2ms]
2024-09-27 15:52:49.751 [info] fatal: not a git repository (or any of the parent directories): .git
2024-09-27 15:52:51.132 [info] > git rev-parse --show-toplevel [1ms]
2024-09-27 15:52:51.132 [info] fatal: not a git repository (or any of the parent directories): .git
2024-09-27 15:52:51.950 [info] > git rev-parse --show-toplevel [2ms]
2024-09-27 15:52:51.950 [info] fatal: not a git repository (or any of the parent directories): .git
2024-09-27 15:52:52.589 [info] > git rev-parse --show-toplevel [1ms]
2024-09-27 15:52:52.590 [info] fatal: not a git repository (or any of the parent directories): .git
2024-09-27 15:52:53.169 [info] > git rev-parse --show-toplevel [2ms]
2024-09-27 15:52:53.169 [info] fatal: not a git repository (or any of the parent directories): .git
2024-09-27 15:52:53.981 [info] > git rev-parse --show-toplevel [3ms]
2024-09-27 15:52:53.981 [info] fatal: not a git repository (or any of the parent directories): .git
2024-09-27 15:52:54.619 [info] > git rev-parse --show-toplevel [1ms]
2024-09-27 15:52:54.619 [info] fatal: not a git repository (or any of the parent directories): .git
2024-09-27 15:52:57.057 [info] > git rev-parse --show-toplevel [1ms]
2024-09-27 15:52:57.057 [info] fatal: not a git repository (or any of the parent directories): .git
2024-09-27 15:52:57.812 [info] > git rev-parse --show-toplevel [1ms]
2024-09-27 15:52:57.812 [info] fatal: not a git repository (or any of the parent directories): .git
2024-09-27 15:52:58.356 [info] > git rev-parse --show-toplevel [3ms]
2024-09-27 15:52:58.357 [info] fatal: not a git repository (or any of the parent directories): .git
2024-09-27 15:53:00.008 [info] > git rev-parse --show-toplevel [1ms]
2024-09-27 15:53:00.008 [info] fatal: not a git repository (or any of the parent directories): .git
2024-09-27 15:53:00.391 [info] > git rev-parse --show-toplevel [1ms]
2024-09-27 15:53:00.391 [info] fatal: not a git repository (or any of the parent directories): .git
2024-09-27 15:53:00.920 [info] > git rev-parse --show-toplevel [1ms]
2024-09-27 15:53:00.920 [info] fatal: not a git repository (or any of the parent directories): .git
2024-09-27 15:53:01.806 [info] > git rev-parse --show-toplevel [1ms]
2024-09-27 15:53:01.806 [info] fatal: not a git repository (or any of the parent directories): .git
2024-09-27 15:53:03.034 [info] > git rev-parse --show-toplevel [1ms]
2024-09-27 15:53:03.034 [info] fatal: not a git repository (or any of the parent directories): .git
2024-09-27 15:53:03.899 [info] > git rev-parse --show-toplevel [2ms]
2024-09-27 15:53:03.899 [info] fatal: not a git repository (or any of the parent directories): .git
