2024-09-27 15:00:16.579 [info] Added views:workbench.panel.markers.view in workbench.panel.markers
2024-09-27 15:00:16.579 [info] Added views:workbench.panel.output in workbench.panel.output
2024-09-27 15:00:16.579 [info] Added views:terminal in terminal
2024-09-27 15:00:16.579 [info] Added views:outline in workbench.view.explorer
2024-09-27 15:00:16.579 [info] Added views:workbench.scm in workbench.view.scm
2024-09-27 15:00:16.579 [info] Added views:workbench.view.search in workbench.view.search
2024-09-27 15:00:16.579 [info] Added views:timeline in workbench.view.explorer
2024-09-27 15:00:16.579 [info] Added views:workbench.explorer.emptyView in workbench.view.explorer
2024-09-27 15:00:16.688 [info] Added views:workbench.debug.variablesView,workbench.debug.watchExpressionsView,workbench.debug.callStackView,workbench.debug.breakPointsView in workbench.view.debug
2024-09-27 15:00:16.951 [info] Added views:~remote.forwardedPorts in ~remote.forwardedPortsContainer
2024-09-27 15:00:17.067 [info] Added views:workbench.panel.repl.view in workbench.panel.repl
2024-09-27 15:00:17.068 [info] Removed views:workbench.debug.breakPointsView,workbench.debug.callStackView,workbench.debug.watchExpressionsView,workbench.debug.variablesView from workbench.view.debug
2024-09-27 15:00:17.069 [info] Added views:workbench.debug.welcome in workbench.view.debug
2024-09-27 15:00:28.998 [info] Added views:workbench.panel.markers.view in workbench.panel.markers
2024-09-27 15:00:28.998 [info] Added views:workbench.panel.output in workbench.panel.output
2024-09-27 15:00:28.998 [info] Added views:terminal in terminal
2024-09-27 15:00:28.998 [info] Added views:outline in workbench.view.explorer
2024-09-27 15:00:28.998 [info] Added views:workbench.scm in workbench.view.scm
2024-09-27 15:00:28.998 [info] Added views:workbench.view.search in workbench.view.search
2024-09-27 15:00:28.998 [info] Added views:timeline in workbench.view.explorer
2024-09-27 15:00:28.998 [info] Added views:workbench.explorer.fileView in workbench.view.explorer
2024-09-27 15:00:29.289 [info] Added views:workbench.debug.variablesView,workbench.debug.watchExpressionsView,workbench.debug.callStackView,workbench.debug.breakPointsView in workbench.view.debug
2024-09-27 15:00:29.308 [info] Added views:workbench.panel.repl.view in workbench.panel.repl
2024-09-27 15:00:29.309 [info] Removed views:workbench.debug.breakPointsView,workbench.debug.callStackView,workbench.debug.watchExpressionsView,workbench.debug.variablesView from workbench.view.debug
2024-09-27 15:00:29.309 [info] Added views:workbench.debug.welcome in workbench.view.debug
2024-09-27 15:00:29.349 [info] Added views:~remote.forwardedPorts in ~remote.forwardedPortsContainer
