2024-09-27 15:50:50.392 [info] Extension host with pid 5075 started
2024-09-27 15:50:50.392 [info] Skipping acquiring lock for /root/shell/~/vscode/User/workspaceStorage/e4eea40f8d9b11f6d1113940f30616c2.
2024-09-27 15:50:50.509 [info] ExtensionService#_doActivateExtension vscode.emmet, startup: false, activationEvent: 'onLanguage'
2024-09-27 15:50:50.509 [info] ExtensionService#_doActivateExtension mads-hartmann.bash-ide-vscode, startup: false, activationEvent: 'onLanguage:shellscript'
2024-09-27 15:50:50.942 [info] ExtensionService#_doActivateExtension vscode.git-base, startup: true, activationEvent: '*', root cause: vscode.git
2024-09-27 15:50:50.964 [info] ExtensionService#_doActivateExtension vscode.git, startup: true, activationEvent: '*'
2024-09-27 15:50:50.964 [info] ExtensionService#_doActivateExtension vscode.github, startup: true, activationEvent: '*'
2024-09-27 15:50:51.031 [info] Eager extensions activated
2024-09-27 15:50:51.050 [info] ExtensionService#_doActivateExtension vscode.debug-auto-launch, startup: false, activationEvent: 'onStartupFinished'
2024-09-27 15:50:51.050 [info] ExtensionService#_doActivateExtension vscode.merge-conflict, startup: false, activationEvent: 'onStartupFinished'
2024-09-27 15:51:06.040 [info] Extension host terminating: renderer closed the MessagePort
2024-09-27 15:51:06.052 [info] Extension host with pid 5075 exiting with code 0
2024-09-27 15:51:06.424 [info] Extension host with pid 5177 started
2024-09-27 15:51:06.424 [info] Skipping acquiring lock for /root/shell/~/vscode/User/workspaceStorage/b1a56d74320af02363fc11e185307ded.
2024-09-27 15:51:06.430 [info] ExtensionService#_doActivateExtension vscode.emmet, startup: false, activationEvent: 'onLanguage'
2024-09-27 15:51:06.431 [info] ExtensionService#_doActivateExtension mads-hartmann.bash-ide-vscode, startup: false, activationEvent: 'onLanguage:shellscript'
2024-09-27 15:51:06.470 [info] ExtensionService#_doActivateExtension vscode.configuration-editing, startup: false, activationEvent: 'onLanguage:json'
2024-09-27 15:51:06.471 [info] ExtensionService#_doActivateExtension vscode.extension-editing, startup: false, activationEvent: 'onLanguage:json'
2024-09-27 15:51:06.471 [info] ExtensionService#_doActivateExtension vscode.json-language-features, startup: false, activationEvent: 'onLanguage:json'
2024-09-27 15:51:06.471 [info] ExtensionService#_doActivateExtension vscode.npm, startup: false, activationEvent: 'onLanguage:json'
2024-09-27 15:51:06.820 [info] ExtensionService#_doActivateExtension vscode.git-base, startup: true, activationEvent: '*', root cause: vscode.git
2024-09-27 15:51:06.824 [info] ExtensionService#_doActivateExtension vscode.git, startup: true, activationEvent: '*'
2024-09-27 15:51:06.825 [info] ExtensionService#_doActivateExtension vscode.github, startup: true, activationEvent: '*'
2024-09-27 15:51:06.869 [info] Eager extensions activated
2024-09-27 15:51:06.890 [info] ExtensionService#_doActivateExtension vscode.debug-auto-launch, startup: false, activationEvent: 'onStartupFinished'
2024-09-27 15:51:06.890 [info] ExtensionService#_doActivateExtension vscode.merge-conflict, startup: false, activationEvent: 'onStartupFinished'
2024-09-27 15:53:19.337 [info] Extension host terminating: renderer closed the MessagePort
2024-09-27 15:53:19.353 [info] Extension host with pid 5177 exiting with code 0
