[Warn  - 오후 3:00:34] 06:00:34.069 WARNING ⛔️ Environment variable configuration is being deprecated, please use workspace configuration. The following environment variables were used: shfmt
[Info  - 오후 3:00:34] 06:00:34.094 INFO BackgroundAnalysis: resolving glob "**/*@(.sh|.inc|.bash|.command)" inside "file:///root/shell"...
[Info  - 오후 3:00:34] 06:00:34.114 INFO BackgroundAnalysis: Glob resolved with 4 files after 0.019 seconds
[Info  - 오후 3:00:34] 06:00:34.127 INFO BackgroundAnalysis: Completed after 0.032 seconds.
[Warn  - 오후 3:00:34] 06:00:34.600 WARNING ⛔️ ShellCheck: disabling linting as no executable was found at path 'shellcheck'
[Warn  - 오후 3:00:34] 06:00:34.624 WARNING ⛔️ ShellCheck: disabling linting as no executable was found at path 'shellcheck'
[Warn  - 오후 3:05:46] 06:05:46.172 WARNING ⛔️ Error while parsing file:///root/shell/host2.sh: syntax error
[Warn  - 오후 3:05:48] 06:05:48.855 WARNING ⛔️ Error while parsing file:///root/shell/host2.sh: syntax error
[Warn  - 오후 3:05:50] 06:05:50.818 WARNING ⛔️ Error while parsing file:///root/shell/host2.sh: syntax error
[Warn  - 오후 3:05:50] 06:05:50.922 WARNING ⛔️ Error while parsing file:///root/shell/host2.sh: syntax error
[Warn  - 오후 3:05:51] 06:05:51.695 WARNING ⛔️ Error while parsing file:///root/shell/host2.sh: syntax error
[Warn  - 오후 3:05:51] 06:05:51.796 WARNING ⛔️ Error while parsing file:///root/shell/host2.sh: syntax error
[Warn  - 오후 3:05:52] 06:05:52.331 WARNING ⛔️ Error while parsing file:///root/shell/host2.sh: syntax error
[Warn  - 오후 3:05:52] 06:05:52.375 WARNING ⛔️ Error while parsing file:///root/shell/host2.sh: syntax error
[Warn  - 오후 3:05:53] 06:05:53.424 WARNING ⛔️ Error while parsing file:///root/shell/host2.sh: syntax error
[Warn  - 오후 3:05:53] 06:05:53.525 WARNING ⛔️ Error while parsing file:///root/shell/host2.sh: syntax error
[Warn  - 오후 3:05:56] 06:05:56.472 WARNING ⛔️ Error while parsing file:///root/shell/host2.sh: syntax error
[Warn  - 오후 3:05:57] 06:05:57.160 WARNING ⛔️ Error while parsing file:///root/shell/host2.sh: syntax error
[Warn  - 오후 3:05:58] 06:05:58.706 WARNING ⛔️ Error while parsing file:///root/shell/host2.sh: syntax error
[Warn  - 오후 3:05:59] 06:05:59.535 WARNING ⛔️ Error while parsing file:///root/shell/host2.sh: syntax error
[Warn  - 오후 3:05:59] 06:05:59.920 WARNING ⛔️ Error while parsing file:///root/shell/host2.sh: syntax error
[Warn  - 오후 3:06:00] 06:06:00.020 WARNING ⛔️ Error while parsing file:///root/shell/host2.sh: syntax error
[Warn  - 오후 3:06:00] 06:06:00.313 WARNING ⛔️ Error while parsing file:///root/shell/host2.sh: syntax error
[Warn  - 오후 3:06:13] 06:06:13.223 WARNING ⛔️ Error while parsing file:///root/shell/host2.sh: syntax error
[Warn  - 오후 3:06:17] 06:06:17.292 WARNING ⛔️ Error while parsing file:///root/shell/host2.sh: syntax error
[Warn  - 오후 3:06:18] 06:06:18.297 WARNING ⛔️ Error while parsing file:///root/shell/host2.sh: syntax error
[Warn  - 오후 3:06:18] 06:06:18.977 WARNING ⛔️ Error while parsing file:///root/shell/host2.sh: syntax error
[Warn  - 오후 3:06:19] 06:06:19.078 WARNING ⛔️ Error while parsing file:///root/shell/host2.sh: syntax error
[Warn  - 오후 3:06:20] 06:06:20.489 WARNING ⛔️ Error while parsing file:///root/shell/host2.sh: syntax error
[Warn  - 오후 3:06:21] 06:06:21.423 WARNING ⛔️ Error while parsing file:///root/shell/host2.sh: syntax error
[Warn  - 오후 3:06:22] 06:06:22.689 WARNING ⛔️ Error while parsing file:///root/shell/host2.sh: syntax error
[Warn  - 오후 3:06:22] 06:06:22.887 WARNING ⛔️ Error while parsing file:///root/shell/host2.sh: syntax error
[Warn  - 오후 3:06:23] 06:06:23.064 WARNING ⛔️ Error while parsing file:///root/shell/host2.sh: syntax error
[Warn  - 오후 3:06:23] 06:06:23.423 WARNING ⛔️ Error while parsing file:///root/shell/host2.sh: syntax error
[Warn  - 오후 3:06:25] 06:06:25.672 WARNING ⛔️ Error while parsing file:///root/shell/host2.sh: syntax error
[Warn  - 오후 3:06:26] 06:06:26.546 WARNING ⛔️ Error while parsing file:///root/shell/host2.sh: syntax error
[Warn  - 오후 3:06:28] 06:06:28.759 WARNING ⛔️ Error while parsing file:///root/shell/host2.sh: syntax error
[Warn  - 오후 3:06:29] 06:06:29.666 WARNING ⛔️ Error while parsing file:///root/shell/host2.sh: syntax error
[Warn  - 오후 3:06:32] 06:06:32.151 WARNING ⛔️ Error while parsing file:///root/shell/host2.sh: syntax error
[Warn  - 오후 3:06:32] 06:06:32.528 WARNING ⛔️ Error while parsing file:///root/shell/host2.sh: syntax error
[Warn  - 오후 3:06:34] 06:06:34.200 WARNING ⛔️ Error while parsing file:///root/shell/host2.sh: syntax error
[Warn  - 오후 3:06:34] 06:06:34.799 WARNING ⛔️ Error while parsing file:///root/shell/host2.sh: syntax error
[Warn  - 오후 3:06:35] 06:06:35.521 WARNING ⛔️ Error while parsing file:///root/shell/host2.sh: syntax error
[Warn  - 오후 3:06:36] 06:06:36.238 WARNING ⛔️ Error while parsing file:///root/shell/host2.sh: syntax error
[Warn  - 오후 3:06:36] 06:06:36.445 WARNING ⛔️ Error while parsing file:///root/shell/host2.sh: syntax error
[Warn  - 오후 3:06:36] 06:06:36.896 WARNING ⛔️ Error while parsing file:///root/shell/host2.sh: syntax error
[Warn  - 오후 3:06:39] 06:06:39.439 WARNING ⛔️ Error while parsing file:///root/shell/host2.sh: syntax error
[Warn  - 오후 3:06:41] 06:06:41.296 WARNING ⛔️ Error while parsing file:///root/shell/host2.sh: syntax error
[Warn  - 오후 3:06:41] 06:06:41.751 WARNING ⛔️ Error while parsing file:///root/shell/host2.sh: syntax error
[Warn  - 오후 3:06:44] 06:06:44.431 WARNING ⛔️ Error while parsing file:///root/shell/host2.sh: syntax error
[Warn  - 오후 3:06:44] 06:06:44.807 WARNING ⛔️ Error while parsing file:///root/shell/host2.sh: syntax error
[Warn  - 오후 3:06:45] 06:06:45.910 WARNING ⛔️ Error while parsing file:///root/shell/host2.sh: syntax error
[Warn  - 오후 3:06:46] 06:06:46.360 WARNING ⛔️ Error while parsing file:///root/shell/host2.sh: syntax error
[Warn  - 오후 3:06:47] 06:06:47.559 WARNING ⛔️ Error while parsing file:///root/shell/host2.sh: syntax error
[Warn  - 오후 3:06:48] 06:06:48.232 WARNING ⛔️ Error while parsing file:///root/shell/host2.sh: syntax error
[Warn  - 오후 3:06:49] 06:06:49.040 WARNING ⛔️ Error while parsing file:///root/shell/host2.sh: syntax error
[Warn  - 오후 3:06:49] 06:06:49.439 WARNING ⛔️ Error while parsing file:///root/shell/host2.sh: syntax error
[Warn  - 오후 3:06:51] 06:06:51.895 WARNING ⛔️ Error while parsing file:///root/shell/host2.sh: syntax error
[Warn  - 오후 3:07:02] 06:07:02.290 WARNING ⛔️ Error while parsing file:///root/shell/host2.sh: syntax error
[Warn  - 오후 3:07:02] 06:07:02.463 WARNING ⛔️ Error while parsing file:///root/shell/host2.sh: syntax error
[Warn  - 오후 3:07:02] 06:07:02.609 WARNING ⛔️ Error while parsing file:///root/shell/host2.sh: syntax error
[Warn  - 오후 3:07:03] 06:07:03.006 WARNING ⛔️ Error while parsing file:///root/shell/host2.sh: syntax error
[Warn  - 오후 3:07:05] 06:07:05.287 WARNING ⛔️ Error while parsing file:///root/shell/host2.sh: syntax error
[Warn  - 오후 3:07:06] 06:07:06.990 WARNING ⛔️ Error while parsing file:///root/shell/host2.sh: syntax error
[Warn  - 오후 3:07:07] 06:07:07.406 WARNING ⛔️ Error while parsing file:///root/shell/host2.sh: syntax error
[Warn  - 오후 3:07:09] 06:07:09.280 WARNING ⛔️ Error while parsing file:///root/shell/host2.sh: syntax error
[Warn  - 오후 3:07:10] 06:07:10.487 WARNING ⛔️ Error while parsing file:///root/shell/host2.sh: syntax error
[Warn  - 오후 3:07:11] 06:07:11.391 WARNING ⛔️ Error while parsing file:///root/shell/host2.sh: syntax error
[Warn  - 오후 3:07:11] 06:07:11.767 WARNING ⛔️ Error while parsing file:///root/shell/host2.sh: syntax error
[Warn  - 오후 3:07:13] 06:07:13.912 WARNING ⛔️ Error while parsing file:///root/shell/host2.sh: syntax error
[Warn  - 오후 3:07:14] 06:07:14.718 WARNING ⛔️ Error while parsing file:///root/shell/host2.sh: syntax error
[Warn  - 오후 3:07:15] 06:07:15.653 WARNING ⛔️ Error while parsing file:///root/shell/host2.sh: syntax error
[Warn  - 오후 3:07:16] 06:07:16.095 WARNING ⛔️ Error while parsing file:///root/shell/host2.sh: syntax error
[Warn  - 오후 3:07:17] 06:07:17.479 WARNING ⛔️ Error while parsing file:///root/shell/host2.sh: syntax error
[Warn  - 오후 3:07:18] 06:07:18.359 WARNING ⛔️ Error while parsing file:///root/shell/host2.sh: syntax error
[Warn  - 오후 3:07:18] 06:07:18.727 WARNING ⛔️ Error while parsing file:///root/shell/host2.sh: syntax error
[Warn  - 오후 3:07:20] 06:07:20.575 WARNING ⛔️ Error while parsing file:///root/shell/host2.sh: syntax error
[Warn  - 오후 3:07:20] 06:07:20.838 WARNING ⛔️ Error while parsing file:///root/shell/host2.sh: syntax error
[Warn  - 오후 3:07:21] 06:07:21.641 WARNING ⛔️ Error while parsing file:///root/shell/host2.sh: syntax error
[Warn  - 오후 3:07:21] 06:07:21.885 WARNING ⛔️ Error while parsing file:///root/shell/host2.sh: syntax error
[Warn  - 오후 3:07:22] 06:07:22.192 WARNING ⛔️ Error while parsing file:///root/shell/host2.sh: syntax error
[Warn  - 오후 3:07:22] 06:07:22.607 WARNING ⛔️ Error while parsing file:///root/shell/host2.sh: syntax error
[Warn  - 오후 3:07:22] 06:07:22.863 WARNING ⛔️ Error while parsing file:///root/shell/host2.sh: syntax error
[Warn  - 오후 3:07:23] 06:07:23.135 WARNING ⛔️ Error while parsing file:///root/shell/host2.sh: syntax error
[Warn  - 오후 3:07:25] 06:07:25.056 WARNING ⛔️ Error while parsing file:///root/shell/host2.sh: syntax error
[Warn  - 오후 3:07:25] 06:07:25.480 WARNING ⛔️ Error while parsing file:///root/shell/host2.sh: syntax error
[Warn  - 오후 3:07:26] 06:07:26.936 WARNING ⛔️ Error while parsing file:///root/shell/host2.sh: syntax error
[Warn  - 오후 3:07:27] 06:07:27.127 WARNING ⛔️ Error while parsing file:///root/shell/host2.sh: syntax error
[Warn  - 오후 3:07:28] 06:07:28.743 WARNING ⛔️ Error while parsing file:///root/shell/host2.sh: syntax error
[Warn  - 오후 3:07:29] 06:07:29.389 WARNING ⛔️ Error while parsing file:///root/shell/host2.sh: syntax error
[Warn  - 오후 3:07:29] 06:07:29.758 WARNING ⛔️ Error while parsing file:///root/shell/host2.sh: syntax error
[Warn  - 오후 3:07:32] 06:07:32.696 WARNING ⛔️ Error while parsing file:///root/shell/host2.sh: syntax error
[Warn  - 오후 3:07:32] 06:07:32.980 WARNING ⛔️ Error while parsing file:///root/shell/host2.sh: syntax error
[Warn  - 오후 3:07:33] 06:07:33.704 WARNING ⛔️ Error while parsing file:///root/shell/host2.sh: syntax error
[Warn  - 오후 3:07:58] 06:07:58.165 WARNING ⛔️ Error while parsing file:///root/shell/host2.sh: syntax error
[Warn  - 오후 3:07:59] 06:07:59.618 WARNING ⛔️ Error while parsing file:///root/shell/host2.sh: syntax error
[Warn  - 오후 3:08:00] 06:08:00.030 WARNING ⛔️ Error while parsing file:///root/shell/host2.sh: syntax error
[Warn  - 오후 3:08:04] 06:08:04.607 WARNING ⛔️ Error while parsing file:///root/shell/host2.sh: syntax error
[Warn  - 오후 3:19:49] 06:19:49.498 WARNING ⛔️ Error while parsing file:///root/shell/useradd.sh: syntax error
[Warn  - 오후 3:19:50] 06:19:50.793 WARNING ⛔️ Error while parsing file:///root/shell/useradd.sh: syntax error
[Warn  - 오후 3:19:51] 06:19:51.787 WARNING ⛔️ Error while parsing file:///root/shell/useradd.sh: syntax error
[Warn  - 오후 3:19:51] 06:19:51.972 WARNING ⛔️ Error while parsing file:///root/shell/useradd.sh: syntax error
[Warn  - 오후 3:19:52] 06:19:52.691 WARNING ⛔️ Error while parsing file:///root/shell/useradd.sh: syntax error
[Warn  - 오후 3:19:54] 06:19:54.300 WARNING ⛔️ Error while parsing file:///root/shell/useradd.sh: syntax error
[Warn  - 오후 3:19:54] 06:19:54.401 WARNING ⛔️ Error while parsing file:///root/shell/useradd.sh: syntax error
[Warn  - 오후 3:19:54] 06:19:54.778 WARNING ⛔️ Error while parsing file:///root/shell/useradd.sh: syntax error
[Warn  - 오후 3:19:56] 06:19:56.730 WARNING ⛔️ Error while parsing file:///root/shell/useradd.sh: syntax error
[Warn  - 오후 3:19:56] 06:19:56.987 WARNING ⛔️ Error while parsing file:///root/shell/useradd.sh: syntax error
[Warn  - 오후 3:19:57] 06:19:57.827 WARNING ⛔️ Error while parsing file:///root/shell/useradd.sh: syntax error
[Warn  - 오후 3:19:58] 06:19:58.084 WARNING ⛔️ Error while parsing file:///root/shell/useradd.sh: syntax error
[Warn  - 오후 3:19:58] 06:19:58.183 WARNING ⛔️ Error while parsing file:///root/shell/useradd.sh: syntax error
[Warn  - 오후 3:19:58] 06:19:58.788 WARNING ⛔️ Error while parsing file:///root/shell/useradd.sh: syntax error
[Warn  - 오후 3:20:00] 06:20:00.307 WARNING ⛔️ Error while parsing file:///root/shell/useradd.sh: syntax error
[Warn  - 오후 3:20:00] 06:20:00.868 WARNING ⛔️ Error while parsing file:///root/shell/useradd.sh: syntax error
[Warn  - 오후 3:20:01] 06:20:01.260 WARNING ⛔️ Error while parsing file:///root/shell/useradd.sh: syntax error
[Warn  - 오후 3:20:02] 06:20:02.844 WARNING ⛔️ Error while parsing file:///root/shell/useradd.sh: syntax error
[Warn  - 오후 3:20:03] 06:20:03.219 WARNING ⛔️ Error while parsing file:///root/shell/useradd.sh: syntax error
[Warn  - 오후 3:20:03] 06:20:03.979 WARNING ⛔️ Error while parsing file:///root/shell/useradd.sh: syntax error
[Warn  - 오후 3:20:04] 06:20:04.460 WARNING ⛔️ Error while parsing file:///root/shell/useradd.sh: syntax error
[Warn  - 오후 3:20:04] 06:20:04.644 WARNING ⛔️ Error while parsing file:///root/shell/useradd.sh: syntax error
[Warn  - 오후 3:20:04] 06:20:04.851 WARNING ⛔️ Error while parsing file:///root/shell/useradd.sh: syntax error
[Warn  - 오후 3:20:05] 06:20:05.387 WARNING ⛔️ Error while parsing file:///root/shell/useradd.sh: syntax error
[Warn  - 오후 3:20:08] 06:20:08.069 WARNING ⛔️ Error while parsing file:///root/shell/useradd.sh: syntax error
[Warn  - 오후 3:20:08] 06:20:08.564 WARNING ⛔️ Error while parsing file:///root/shell/useradd.sh: syntax error
[Warn  - 오후 3:20:09] 06:20:09.978 WARNING ⛔️ Error while parsing file:///root/shell/useradd.sh: syntax error
[Warn  - 오후 3:20:10] 06:20:10.858 WARNING ⛔️ Error while parsing file:///root/shell/useradd.sh: syntax error
[Warn  - 오후 3:21:32] 06:21:32.666 WARNING ⛔️ Error while parsing file:///root/shell/useradd.sh: syntax error
[Warn  - 오후 3:21:33] 06:21:33.922 WARNING ⛔️ Error while parsing file:///root/shell/useradd.sh: syntax error
[Warn  - 오후 3:22:21] 06:22:21.553 WARNING ⛔️ Error while parsing file:///root/shell/useradd.sh: syntax error
[Warn  - 오후 3:22:21] 06:22:21.676 WARNING ⛔️ Error while parsing file:///root/shell/useradd.sh: syntax error
[Warn  - 오후 3:22:22] 06:22:22.082 WARNING ⛔️ Error while parsing file:///root/shell/useradd.sh: syntax error
[Warn  - 오후 3:22:24] 06:22:24.008 WARNING ⛔️ Error while parsing file:///root/shell/useradd.sh: syntax error
[Warn  - 오후 3:22:25] 06:22:25.521 WARNING ⛔️ Error while parsing file:///root/shell/useradd.sh: syntax error
[Warn  - 오후 3:22:26] 06:22:26.658 WARNING ⛔️ Error while parsing file:///root/shell/useradd.sh: syntax error
[Warn  - 오후 3:22:28] 06:22:28.777 WARNING ⛔️ Error while parsing file:///root/shell/useradd.sh: syntax error
[Warn  - 오후 3:22:29] 06:22:29.154 WARNING ⛔️ Error while parsing file:///root/shell/useradd.sh: syntax error
[Warn  - 오후 3:22:29] 06:22:29.842 WARNING ⛔️ Error while parsing file:///root/shell/useradd.sh: syntax error
[Warn  - 오후 3:22:34] 06:22:34.689 WARNING ⛔️ Error while parsing file:///root/shell/useradd.sh: syntax error
[Warn  - 오후 3:22:35] 06:22:35.955 WARNING ⛔️ Error while parsing file:///root/shell/useradd.sh: syntax error
[Warn  - 오후 3:22:36] 06:22:36.039 WARNING ⛔️ Error while parsing file:///root/shell/useradd.sh: syntax error
[Warn  - 오후 3:22:36] 06:22:36.156 WARNING ⛔️ Error while parsing file:///root/shell/useradd.sh: syntax error
[Warn  - 오후 3:22:36] 06:22:36.560 WARNING ⛔️ Error while parsing file:///root/shell/useradd.sh: syntax error
[Warn  - 오후 3:22:37] 06:22:37.131 WARNING ⛔️ Error while parsing file:///root/shell/useradd.sh: syntax error
[Warn  - 오후 3:22:38] 06:22:38.578 WARNING ⛔️ Error while parsing file:///root/shell/useradd.sh: syntax error
[Warn  - 오후 3:22:39] 06:22:39.200 WARNING ⛔️ Error while parsing file:///root/shell/useradd.sh: syntax error
[Warn  - 오후 3:22:39] 06:22:39.529 WARNING ⛔️ Error while parsing file:///root/shell/useradd.sh: syntax error
[Warn  - 오후 3:22:40] 06:22:40.873 WARNING ⛔️ Error while parsing file:///root/shell/useradd.sh: syntax error
[Warn  - 오후 3:22:43] 06:22:43.464 WARNING ⛔️ Error while parsing file:///root/shell/useradd.sh: syntax error
[Warn  - 오후 3:22:46] 06:22:46.474 WARNING ⛔️ Error while parsing file:///root/shell/useradd.sh: syntax error
[Warn  - 오후 3:22:47] 06:22:47.491 WARNING ⛔️ Error while parsing file:///root/shell/useradd.sh: syntax error
[Warn  - 오후 3:22:47] 06:22:47.696 WARNING ⛔️ Error while parsing file:///root/shell/useradd.sh: syntax error
[Warn  - 오후 3:22:48] 06:22:48.682 WARNING ⛔️ Error while parsing file:///root/shell/useradd.sh: syntax error
[Warn  - 오후 3:22:49] 06:22:49.040 WARNING ⛔️ Error while parsing file:///root/shell/useradd.sh: syntax error
[Warn  - 오후 3:22:53] 06:22:53.632 WARNING ⛔️ Error while parsing file:///root/shell/useradd.sh: syntax error
[Warn  - 오후 3:22:55] 06:22:55.560 WARNING ⛔️ Error while parsing file:///root/shell/useradd.sh: syntax error
[Warn  - 오후 3:22:56] 06:22:56.242 WARNING ⛔️ Error while parsing file:///root/shell/useradd.sh: syntax error
[Warn  - 오후 3:22:56] 06:22:56.809 WARNING ⛔️ Error while parsing file:///root/shell/useradd.sh: syntax error
[Warn  - 오후 3:22:56] 06:22:56.910 WARNING ⛔️ Error while parsing file:///root/shell/useradd.sh: syntax error
[Warn  - 오후 3:22:57] 06:22:57.312 WARNING ⛔️ Error while parsing file:///root/shell/useradd.sh: syntax error
[Warn  - 오후 3:22:58] 06:22:58.681 WARNING ⛔️ Error while parsing file:///root/shell/useradd.sh: syntax error
[Warn  - 오후 3:22:59] 06:22:59.569 WARNING ⛔️ Error while parsing file:///root/shell/useradd.sh: syntax error
[Warn  - 오후 3:23:02] 06:23:02.889 WARNING ⛔️ Error while parsing file:///root/shell/useradd.sh: syntax error
[Warn  - 오후 3:23:02] 06:23:02.983 WARNING ⛔️ Error while parsing file:///root/shell/useradd.sh: syntax error
[Warn  - 오후 3:23:03] 06:23:03.137 WARNING ⛔️ Error while parsing file:///root/shell/useradd.sh: syntax error
[Warn  - 오후 3:23:03] 06:23:03.440 WARNING ⛔️ Error while parsing file:///root/shell/useradd.sh: syntax error
[Warn  - 오후 3:23:03] 06:23:03.776 WARNING ⛔️ Error while parsing file:///root/shell/useradd.sh: syntax error
[Warn  - 오후 3:23:05] 06:23:05.505 WARNING ⛔️ Error while parsing file:///root/shell/useradd.sh: syntax error
[Warn  - 오후 3:23:05] 06:23:05.606 WARNING ⛔️ Error while parsing file:///root/shell/useradd.sh: syntax error
[Warn  - 오후 3:23:06] 06:23:06.296 WARNING ⛔️ Error while parsing file:///root/shell/useradd.sh: syntax error
[Warn  - 오후 3:23:07] 06:23:07.064 WARNING ⛔️ Error while parsing file:///root/shell/useradd.sh: syntax error
[Warn  - 오후 3:23:07] 06:23:07.473 WARNING ⛔️ Error while parsing file:///root/shell/useradd.sh: syntax error
[Warn  - 오후 3:23:08] 06:23:08.664 WARNING ⛔️ Error while parsing file:///root/shell/useradd.sh: syntax error
[Warn  - 오후 3:23:09] 06:23:09.431 WARNING ⛔️ Error while parsing file:///root/shell/useradd.sh: syntax error
[Warn  - 오후 3:23:10] 06:23:10.249 WARNING ⛔️ Error while parsing file:///root/shell/useradd.sh: syntax error
[Warn  - 오후 3:23:10] 06:23:10.338 WARNING ⛔️ Error while parsing file:///root/shell/useradd.sh: syntax error
[Warn  - 오후 3:23:10] 06:23:10.920 WARNING ⛔️ Error while parsing file:///root/shell/useradd.sh: syntax error
[Warn  - 오후 3:23:14] 06:23:14.089 WARNING ⛔️ Error while parsing file:///root/shell/useradd.sh: syntax error
[Warn  - 오후 3:26:32] 06:26:32.205 WARNING ⛔️ Error while parsing file:///root/shell/useradd2.sh: syntax error
[Warn  - 오후 3:26:33] 06:26:33.278 WARNING ⛔️ Error while parsing file:///root/shell/useradd2.sh: syntax error
[Warn  - 오후 3:26:34] 06:26:34.293 WARNING ⛔️ Error while parsing file:///root/shell/useradd2.sh: syntax error
[Warn  - 오후 3:26:36] 06:26:36.548 WARNING ⛔️ Error while parsing file:///root/shell/useradd2.sh: syntax error
[Warn  - 오후 3:26:44] 06:26:44.732 WARNING ⛔️ Error while parsing file:///root/shell/useradd2.sh: syntax error
[Warn  - 오후 3:34:51] 06:34:51.222 WARNING ⛔️ Error while parsing file:///root/shell/user_admin.sh: syntax error
[Warn  - 오후 3:34:51] 06:34:51.726 WARNING ⛔️ Error while parsing file:///root/shell/user_admin.sh: syntax error
[Warn  - 오후 3:34:59] 06:34:59.261 WARNING ⛔️ Error while parsing file:///root/shell/user_admin.sh: syntax error
[Warn  - 오후 3:35:01] 06:35:01.093 WARNING ⛔️ Error while parsing file:///root/shell/user_admin.sh: syntax error
[Warn  - 오후 3:35:04] 06:35:04.839 WARNING ⛔️ Error while parsing file:///root/shell/user_admin.sh: syntax error
[Warn  - 오후 3:35:06] 06:35:06.086 WARNING ⛔️ Error while parsing file:///root/shell/user_admin.sh: syntax error
[Warn  - 오후 3:35:06] 06:35:06.558 WARNING ⛔️ Error while parsing file:///root/shell/user_admin.sh: syntax error
[Warn  - 오후 3:35:07] 06:35:07.462 WARNING ⛔️ Error while parsing file:///root/shell/user_admin.sh: syntax error
[Warn  - 오후 3:35:08] 06:35:08.302 WARNING ⛔️ Error while parsing file:///root/shell/user_admin.sh: syntax error
[Warn  - 오후 3:35:08] 06:35:08.670 WARNING ⛔️ Error while parsing file:///root/shell/user_admin.sh: syntax error
[Warn  - 오후 3:35:09] 06:35:09.714 WARNING ⛔️ Error while parsing file:///root/shell/user_admin.sh: syntax error
[Warn  - 오후 3:35:10] 06:35:10.085 WARNING ⛔️ Error while parsing file:///root/shell/user_admin.sh: syntax error
[Warn  - 오후 3:35:11] 06:35:11.534 WARNING ⛔️ Error while parsing file:///root/shell/user_admin.sh: syntax error
[Warn  - 오후 3:35:13] 06:35:13.002 WARNING ⛔️ Error while parsing file:///root/shell/user_admin.sh: syntax error
[Warn  - 오후 3:35:13] 06:35:13.822 WARNING ⛔️ Error while parsing file:///root/shell/user_admin.sh: syntax error
[Warn  - 오후 3:35:14] 06:35:14.229 WARNING ⛔️ Error while parsing file:///root/shell/user_admin.sh: syntax error
[Warn  - 오후 3:35:14] 06:35:14.756 WARNING ⛔️ Error while parsing file:///root/shell/user_admin.sh: syntax error
[Warn  - 오후 3:35:16] 06:35:16.401 WARNING ⛔️ Error while parsing file:///root/shell/user_admin.sh: syntax error
[Warn  - 오후 3:36:21] 06:36:21.620 WARNING ⛔️ Error while parsing file:///root/shell/user_admin.sh: syntax error
[Warn  - 오후 3:36:22] 06:36:22.078 WARNING ⛔️ Error while parsing file:///root/shell/user_admin.sh: syntax error
[Warn  - 오후 3:36:22] 06:36:22.821 WARNING ⛔️ Error while parsing file:///root/shell/user_admin.sh: syntax error
[Warn  - 오후 3:36:23] 06:36:23.035 WARNING ⛔️ Error while parsing file:///root/shell/user_admin.sh: syntax error
[Warn  - 오후 3:36:23] 06:36:23.221 WARNING ⛔️ Error while parsing file:///root/shell/user_admin.sh: syntax error
[Warn  - 오후 3:36:23] 06:36:23.315 WARNING ⛔️ Error while parsing file:///root/shell/user_admin.sh: syntax error
[Warn  - 오후 3:36:23] 06:36:23.692 WARNING ⛔️ Error while parsing file:///root/shell/user_admin.sh: syntax error
[Warn  - 오후 3:36:24] 06:36:24.447 WARNING ⛔️ Error while parsing file:///root/shell/user_admin.sh: syntax error
[Warn  - 오후 3:36:25] 06:36:25.839 WARNING ⛔️ Error while parsing file:///root/shell/user_admin.sh: syntax error
[Warn  - 오후 3:36:26] 06:36:26.774 WARNING ⛔️ Error while parsing file:///root/shell/user_admin.sh: syntax error
[Warn  - 오후 3:36:26] 06:36:26.901 WARNING ⛔️ Error while parsing file:///root/shell/user_admin.sh: syntax error
[Warn  - 오후 3:36:26] 06:36:26.963 WARNING ⛔️ Error while parsing file:///root/shell/user_admin.sh: syntax error
[Warn  - 오후 3:36:27] 06:36:27.573 WARNING ⛔️ Error while parsing file:///root/shell/user_admin.sh: syntax error
[Warn  - 오후 3:36:28] 06:36:28.067 WARNING ⛔️ Error while parsing file:///root/shell/user_admin.sh: syntax error
[Warn  - 오후 3:36:28] 06:36:28.173 WARNING ⛔️ Error while parsing file:///root/shell/user_admin.sh: syntax error
[Warn  - 오후 3:36:29] 06:36:29.556 WARNING ⛔️ Error while parsing file:///root/shell/user_admin.sh: syntax error
[Warn  - 오후 3:36:30] 06:36:30.173 WARNING ⛔️ Error while parsing file:///root/shell/user_admin.sh: syntax error
[Warn  - 오후 3:36:31] 06:36:31.139 WARNING ⛔️ Error while parsing file:///root/shell/user_admin.sh: syntax error
[Warn  - 오후 3:36:31] 06:36:31.728 WARNING ⛔️ Error while parsing file:///root/shell/user_admin.sh: syntax error
[Warn  - 오후 3:36:32] 06:36:32.066 WARNING ⛔️ Error while parsing file:///root/shell/user_admin.sh: syntax error
[Warn  - 오후 3:36:32] 06:36:32.652 WARNING ⛔️ Error while parsing file:///root/shell/user_admin.sh: syntax error
[Warn  - 오후 3:36:32] 06:36:32.822 WARNING ⛔️ Error while parsing file:///root/shell/user_admin.sh: syntax error
[Warn  - 오후 3:36:33] 06:36:33.292 WARNING ⛔️ Error while parsing file:///root/shell/user_admin.sh: syntax error
[Warn  - 오후 3:36:33] 06:36:33.709 WARNING ⛔️ Error while parsing file:///root/shell/user_admin.sh: syntax error
[Warn  - 오후 3:36:34] 06:36:34.844 WARNING ⛔️ Error while parsing file:///root/shell/user_admin.sh: syntax error
[Warn  - 오후 3:36:35] 06:36:35.619 WARNING ⛔️ Error while parsing file:///root/shell/user_admin.sh: syntax error
[Warn  - 오후 3:36:35] 06:36:35.877 WARNING ⛔️ Error while parsing file:///root/shell/user_admin.sh: syntax error
[Warn  - 오후 3:36:35] 06:36:35.978 WARNING ⛔️ Error while parsing file:///root/shell/user_admin.sh: syntax error
[Warn  - 오후 3:36:36] 06:36:36.141 WARNING ⛔️ Error while parsing file:///root/shell/user_admin.sh: syntax error
[Warn  - 오후 3:37:59] 06:37:59.892 WARNING ⛔️ Error while parsing file:///root/shell/user_admin.sh: syntax error
[Warn  - 오후 3:38:00] 06:38:00.969 WARNING ⛔️ Error while parsing file:///root/shell/user_admin.sh: syntax error
[Warn  - 오후 3:38:01] 06:38:01.444 WARNING ⛔️ Error while parsing file:///root/shell/user_admin.sh: syntax error
[Warn  - 오후 3:38:01] 06:38:01.603 WARNING ⛔️ Error while parsing file:///root/shell/user_admin.sh: syntax error
[Warn  - 오후 3:38:02] 06:38:02.010 WARNING ⛔️ Error while parsing file:///root/shell/user_admin.sh: syntax error
[Warn  - 오후 3:38:03] 06:38:03.669 WARNING ⛔️ Error while parsing file:///root/shell/user_admin.sh: syntax error
[Warn  - 오후 3:38:03] 06:38:03.817 WARNING ⛔️ Error while parsing file:///root/shell/user_admin.sh: syntax error
[Warn  - 오후 3:38:06] 06:38:06.330 WARNING ⛔️ Error while parsing file:///root/shell/user_admin.sh: syntax error
[Warn  - 오후 3:38:07] 06:38:07.060 WARNING ⛔️ Error while parsing file:///root/shell/user_admin.sh: syntax error
[Warn  - 오후 3:38:13] 06:38:13.466 WARNING ⛔️ Error while parsing file:///root/shell/user_admin.sh: syntax error
[Warn  - 오후 3:38:13] 06:38:13.764 WARNING ⛔️ Error while parsing file:///root/shell/user_admin.sh: syntax error
[Warn  - 오후 3:38:14] 06:38:14.044 WARNING ⛔️ Error while parsing file:///root/shell/user_admin.sh: syntax error
[Warn  - 오후 3:38:21] 06:38:21.138 WARNING ⛔️ Error while parsing file:///root/shell/user_admin.sh: syntax error
[Warn  - 오후 3:38:24] 06:38:24.595 WARNING ⛔️ Error while parsing file:///root/shell/user_admin.sh: syntax error
[Warn  - 오후 3:38:24] 06:38:24.876 WARNING ⛔️ Error while parsing file:///root/shell/user_admin.sh: syntax error
[Warn  - 오후 3:38:24] 06:38:24.977 WARNING ⛔️ Error while parsing file:///root/shell/user_admin.sh: syntax error
[Warn  - 오후 3:38:25] 06:38:25.288 WARNING ⛔️ Error while parsing file:///root/shell/user_admin.sh: syntax error
[Warn  - 오후 3:38:26] 06:38:26.036 WARNING ⛔️ Error while parsing file:///root/shell/user_admin.sh: syntax error
[Warn  - 오후 3:38:26] 06:38:26.315 WARNING ⛔️ Error while parsing file:///root/shell/user_admin.sh: syntax error
[Warn  - 오후 3:38:26] 06:38:26.587 WARNING ⛔️ Error while parsing file:///root/shell/user_admin.sh: syntax error
[Warn  - 오후 3:38:27] 06:38:27.764 WARNING ⛔️ Error while parsing file:///root/shell/user_admin.sh: syntax error
[Warn  - 오후 3:38:27] 06:38:27.865 WARNING ⛔️ Error while parsing file:///root/shell/user_admin.sh: syntax error
[Warn  - 오후 3:38:32] 06:38:32.323 WARNING ⛔️ Error while parsing file:///root/shell/user_admin.sh: syntax error
[Warn  - 오후 3:38:33] 06:38:33.149 WARNING ⛔️ Error while parsing file:///root/shell/user_admin.sh: syntax error
[Warn  - 오후 3:38:33] 06:38:33.546 WARNING ⛔️ Error while parsing file:///root/shell/user_admin.sh: syntax error
[Warn  - 오후 3:38:35] 06:38:35.363 WARNING ⛔️ Error while parsing file:///root/shell/user_admin.sh: syntax error
[Warn  - 오후 3:38:36] 06:38:36.923 WARNING ⛔️ Error while parsing file:///root/shell/user_admin.sh: syntax error
[Warn  - 오후 3:38:37] 06:38:37.027 WARNING ⛔️ Error while parsing file:///root/shell/user_admin.sh: syntax error
[Warn  - 오후 3:38:38] 06:38:38.299 WARNING ⛔️ Error while parsing file:///root/shell/user_admin.sh: syntax error
[Warn  - 오후 3:38:39] 06:38:39.691 WARNING ⛔️ Error while parsing file:///root/shell/user_admin.sh: syntax error
[Warn  - 오후 3:38:40] 06:38:40.300 WARNING ⛔️ Error while parsing file:///root/shell/user_admin.sh: syntax error
[Warn  - 오후 3:38:40] 06:38:40.987 WARNING ⛔️ Error while parsing file:///root/shell/user_admin.sh: syntax error
[Warn  - 오후 3:38:41] 06:38:41.275 WARNING ⛔️ Error while parsing file:///root/shell/user_admin.sh: syntax error
[Warn  - 오후 3:38:41] 06:38:41.375 WARNING ⛔️ Error while parsing file:///root/shell/user_admin.sh: syntax error
[Warn  - 오후 3:39:19] 06:39:19.410 WARNING ⛔️ Error while parsing file:///root/shell/user_admin.sh: syntax error
[Warn  - 오후 3:39:21] 06:39:21.283 WARNING ⛔️ Error while parsing file:///root/shell/user_admin.sh: syntax error
[Warn  - 오후 3:39:22] 06:39:22.395 WARNING ⛔️ Error while parsing file:///root/shell/user_admin.sh: syntax error
[Warn  - 오후 3:39:23] 06:39:23.410 WARNING ⛔️ Error while parsing file:///root/shell/user_admin.sh: syntax error
[Warn  - 오후 3:39:23] 06:39:23.700 WARNING ⛔️ Error while parsing file:///root/shell/user_admin.sh: syntax error
[Warn  - 오후 3:39:23] 06:39:23.802 WARNING ⛔️ Error while parsing file:///root/shell/user_admin.sh: syntax error
[Warn  - 오후 3:39:24] 06:39:24.116 WARNING ⛔️ Error while parsing file:///root/shell/user_admin.sh: syntax error
[Warn  - 오후 3:39:24] 06:39:24.705 WARNING ⛔️ Error while parsing file:///root/shell/user_admin.sh: syntax error
[Warn  - 오후 3:39:25] 06:39:25.794 WARNING ⛔️ Error while parsing file:///root/shell/user_admin.sh: syntax error
[Warn  - 오후 3:39:26] 06:39:26.682 WARNING ⛔️ Error while parsing file:///root/shell/user_admin.sh: syntax error
[Warn  - 오후 3:39:27] 06:39:27.331 WARNING ⛔️ Error while parsing file:///root/shell/user_admin.sh: syntax error
[Warn  - 오후 3:39:27] 06:39:27.835 WARNING ⛔️ Error while parsing file:///root/shell/user_admin.sh: syntax error
[Warn  - 오후 3:39:28] 06:39:28.850 WARNING ⛔️ Error while parsing file:///root/shell/user_admin.sh: syntax error
[Warn  - 오후 3:39:29] 06:39:29.504 WARNING ⛔️ Error while parsing file:///root/shell/user_admin.sh: syntax error
[Warn  - 오후 3:39:29] 06:39:29.953 WARNING ⛔️ Error while parsing file:///root/shell/user_admin.sh: syntax error
[Warn  - 오후 3:39:30] 06:39:30.392 WARNING ⛔️ Error while parsing file:///root/shell/user_admin.sh: syntax error
[Warn  - 오후 3:39:30] 06:39:30.768 WARNING ⛔️ Error while parsing file:///root/shell/user_admin.sh: syntax error
[Warn  - 오후 3:39:31] 06:39:31.056 WARNING ⛔️ Error while parsing file:///root/shell/user_admin.sh: syntax error
[Warn  - 오후 3:42:27] 06:42:27.867 WARNING ⛔️ Error while parsing file:///root/shell/user_admin.sh: syntax error
[Warn  - 오후 3:42:29] 06:42:29.951 WARNING ⛔️ Error while parsing file:///root/shell/user_admin.sh: syntax error
[Warn  - 오후 3:42:45] 06:42:45.408 WARNING ⛔️ Error while parsing file:///root/shell/user_admin.sh: syntax error
[Warn  - 오후 3:42:46] 06:42:46.599 WARNING ⛔️ Error while parsing file:///root/shell/user_admin.sh: syntax error
[Warn  - 오후 3:42:56] 06:42:56.287 WARNING ⛔️ Error while parsing file:///root/shell/user_admin.sh: syntax error
[Warn  - 오후 3:42:57] 06:42:57.078 WARNING ⛔️ Error while parsing file:///root/shell/user_admin.sh: syntax error
[Warn  - 오후 3:46:57] 06:46:57.475 WARNING ⛔️ Error while parsing file:///root/shell/user_admin.sh: syntax error
[Warn  - 오후 3:46:57] 06:46:57.755 WARNING ⛔️ Error while parsing file:///root/shell/user_admin.sh: syntax error
[Warn  - 오후 3:46:58] 06:46:58.367 WARNING ⛔️ Error while parsing file:///root/shell/user_admin.sh: syntax error
[Warn  - 오후 3:46:58] 06:46:58.859 WARNING ⛔️ Error while parsing file:///root/shell/user_admin.sh: syntax error
[Warn  - 오후 3:47:03] 06:47:03.018 WARNING ⛔️ Error while parsing file:///root/shell/user_admin.sh: syntax error
[Warn  - 오후 3:47:06] 06:47:06.000 WARNING ⛔️ Error while parsing file:///root/shell/user_admin.sh: syntax error
[Warn  - 오후 3:47:11] 06:47:11.201 WARNING ⛔️ Error while parsing file:///root/shell/user_admin.sh: syntax error
[Warn  - 오후 3:47:15] 06:47:15.033 WARNING ⛔️ Error while parsing file:///root/shell/user_admin.sh: syntax error
[Warn  - 오후 3:47:16] 06:47:16.380 WARNING ⛔️ Error while parsing file:///root/shell/user_admin.sh: syntax error
[Warn  - 오후 3:47:17] 06:47:17.803 WARNING ⛔️ Error while parsing file:///root/shell/user_admin.sh: syntax error
[Warn  - 오후 3:47:17] 06:47:17.907 WARNING ⛔️ Error while parsing file:///root/shell/user_admin.sh: syntax error
[Warn  - 오후 3:47:23] 06:47:23.655 WARNING ⛔️ Error while parsing file:///root/shell/user_admin.sh: syntax error
[Warn  - 오후 3:47:29] 06:47:29.154 WARNING ⛔️ Error while parsing file:///root/shell/user_admin.sh: syntax error
