2024-09-27 15:00:17.269 [info] [main] Log level: Info
2024-09-27 15:00:17.269 [info] [main] Validating found git in: "git"
2024-09-27 15:00:17.269 [info] [main] Using git "2.43.5" from "git"
2024-09-27 15:00:17.269 [info] [Model][doInitialScan] Initial repository scan started
2024-09-27 15:00:17.269 [info] [Model][doInitialScan] Initial repository scan completed - repositories (0), closed repositories (0), parent repositories (0), unsafe repositories (0)
2024-09-27 15:00:31.976 [info] [main] Log level: Info
2024-09-27 15:00:31.976 [info] [main] Validating found git in: "git"
2024-09-27 15:00:31.976 [info] [main] Using git "2.43.5" from "git"
2024-09-27 15:00:31.976 [info] [Model][doInitialScan] Initial repository scan started
2024-09-27 15:00:31.979 [info] > git rev-parse --show-toplevel [6ms]
2024-09-27 15:00:31.979 [info] fatal: not a git repository (or any of the parent directories): .git
2024-09-27 15:00:31.983 [info] > git rev-parse --show-toplevel [1ms]
2024-09-27 15:00:31.983 [info] fatal: not a git repository (or any of the parent directories): .git
2024-09-27 15:00:31.985 [info] [Model][doInitialScan] Initial repository scan completed - repositories (0), closed repositories (0), parent repositories (0), unsafe repositories (0)
2024-09-27 15:00:33.528 [info] > git rev-parse --show-toplevel [1ms]
2024-09-27 15:00:33.528 [info] fatal: not a git repository (or any of the parent directories): .git
2024-09-27 15:00:34.128 [info] > git rev-parse --show-toplevel [2ms]
2024-09-27 15:00:34.128 [info] fatal: not a git repository (or any of the parent directories): .git
2024-09-27 15:00:34.579 [info] > git rev-parse --show-toplevel [3ms]
2024-09-27 15:00:34.579 [info] fatal: not a git repository (or any of the parent directories): .git
2024-09-27 15:00:46.838 [info] > git rev-parse --show-toplevel [1ms]
2024-09-27 15:00:46.838 [info] fatal: not a git repository (or any of the parent directories): .git
2024-09-27 15:00:58.956 [info] > git rev-parse --show-toplevel [1ms]
2024-09-27 15:00:58.956 [info] fatal: not a git repository (or any of the parent directories): .git
2024-09-27 15:01:00.743 [info] > git rev-parse --show-toplevel [2ms]
2024-09-27 15:01:00.744 [info] fatal: not a git repository (or any of the parent directories): .git
2024-09-27 15:01:03.386 [info] > git rev-parse --show-toplevel [2ms]
2024-09-27 15:01:03.386 [info] fatal: not a git repository (or any of the parent directories): .git
2024-09-27 15:17:51.177 [info] > git rev-parse --show-toplevel [3ms]
2024-09-27 15:17:51.177 [info] fatal: not a git repository (or any of the parent directories): .git
2024-09-27 15:18:48.179 [info] > git rev-parse --show-toplevel [2ms]
2024-09-27 15:18:48.179 [info] fatal: not a git repository (or any of the parent directories): .git
2024-09-27 15:19:11.804 [info] > git rev-parse --show-toplevel [2ms]
2024-09-27 15:19:11.804 [info] fatal: not a git repository (or any of the parent directories): .git
2024-09-27 15:19:13.120 [info] > git rev-parse --show-toplevel [2ms]
2024-09-27 15:19:13.120 [info] fatal: not a git repository (or any of the parent directories): .git
2024-09-27 15:19:15.144 [info] > git rev-parse --show-toplevel [1ms]
2024-09-27 15:19:15.145 [info] fatal: not a git repository (or any of the parent directories): .git
2024-09-27 15:19:16.697 [info] > git rev-parse --show-toplevel [1ms]
2024-09-27 15:19:16.697 [info] fatal: not a git repository (or any of the parent directories): .git
2024-09-27 15:19:20.092 [info] > git rev-parse --show-toplevel [1ms]
2024-09-27 15:19:20.092 [info] fatal: not a git repository (or any of the parent directories): .git
2024-09-27 15:19:21.654 [info] > git rev-parse --show-toplevel [1ms]
2024-09-27 15:19:21.654 [info] fatal: not a git repository (or any of the parent directories): .git
2024-09-27 15:19:24.262 [info] > git rev-parse --show-toplevel [2ms]
2024-09-27 15:19:24.262 [info] fatal: not a git repository (or any of the parent directories): .git
2024-09-27 15:19:24.268 [info] > git rev-parse --show-toplevel [3ms]
2024-09-27 15:19:24.268 [info] fatal: not a git repository (or any of the parent directories): .git
2024-09-27 15:25:05.459 [info] > git rev-parse --show-toplevel [1ms]
2024-09-27 15:25:05.459 [info] fatal: not a git repository (or any of the parent directories): .git
2024-09-27 15:25:05.481 [info] > git rev-parse --show-toplevel [1ms]
2024-09-27 15:25:05.481 [info] fatal: not a git repository (or any of the parent directories): .git
2024-09-27 15:25:05.486 [info] > git rev-parse --show-toplevel [3ms]
2024-09-27 15:25:05.486 [info] fatal: not a git repository (or any of the parent directories): .git
2024-09-27 15:25:08.753 [info] > git rev-parse --show-toplevel [1ms]
2024-09-27 15:25:08.753 [info] fatal: not a git repository (or any of the parent directories): .git
2024-09-27 15:25:08.761 [info] > git rev-parse --show-toplevel [1ms]
2024-09-27 15:25:08.761 [info] fatal: not a git repository (or any of the parent directories): .git
2024-09-27 15:25:08.765 [info] > git rev-parse --show-toplevel [1ms]
2024-09-27 15:25:08.766 [info] fatal: not a git repository (or any of the parent directories): .git
2024-09-27 15:25:11.646 [info] > git rev-parse --show-toplevel [2ms]
2024-09-27 15:25:11.646 [info] fatal: not a git repository (or any of the parent directories): .git
2024-09-27 15:25:11.653 [info] > git rev-parse --show-toplevel [1ms]
2024-09-27 15:25:11.653 [info] fatal: not a git repository (or any of the parent directories): .git
2024-09-27 15:25:11.657 [info] > git rev-parse --show-toplevel [1ms]
2024-09-27 15:25:11.658 [info] fatal: not a git repository (or any of the parent directories): .git
2024-09-27 15:25:50.927 [info] > git rev-parse --show-toplevel [1ms]
2024-09-27 15:25:50.927 [info] fatal: not a git repository (or any of the parent directories): .git
2024-09-27 15:25:50.956 [info] > git rev-parse --show-toplevel [1ms]
2024-09-27 15:25:50.956 [info] fatal: not a git repository (or any of the parent directories): .git
2024-09-27 15:25:50.960 [info] > git rev-parse --show-toplevel [2ms]
2024-09-27 15:25:50.960 [info] fatal: not a git repository (or any of the parent directories): .git
2024-09-27 15:25:52.429 [info] > git rev-parse --show-toplevel [2ms]
2024-09-27 15:25:52.430 [info] fatal: not a git repository (or any of the parent directories): .git
2024-09-27 15:25:52.434 [info] > git rev-parse --show-toplevel [1ms]
2024-09-27 15:25:52.434 [info] fatal: not a git repository (or any of the parent directories): .git
2024-09-27 15:25:52.438 [info] > git rev-parse --show-toplevel [1ms]
2024-09-27 15:25:52.438 [info] fatal: not a git repository (or any of the parent directories): .git
2024-09-27 15:28:01.499 [info] > git rev-parse --show-toplevel [2ms]
2024-09-27 15:28:01.499 [info] fatal: not a git repository (or any of the parent directories): .git
2024-09-27 15:28:01.536 [info] > git rev-parse --show-toplevel [1ms]
2024-09-27 15:28:01.536 [info] fatal: not a git repository (or any of the parent directories): .git
2024-09-27 15:28:01.540 [info] > git rev-parse --show-toplevel [1ms]
2024-09-27 15:28:01.540 [info] fatal: not a git repository (or any of the parent directories): .git
2024-09-27 15:28:14.625 [info] > git rev-parse --show-toplevel [2ms]
2024-09-27 15:28:14.625 [info] fatal: not a git repository (or any of the parent directories): .git
2024-09-27 15:28:14.634 [info] > git rev-parse --show-toplevel [1ms]
2024-09-27 15:28:14.634 [info] fatal: not a git repository (or any of the parent directories): .git
2024-09-27 15:28:14.638 [info] > git rev-parse --show-toplevel [1ms]
2024-09-27 15:28:14.638 [info] fatal: not a git repository (or any of the parent directories): .git
2024-09-27 15:28:18.192 [info] > git rev-parse --show-toplevel [2ms]
2024-09-27 15:28:18.192 [info] fatal: not a git repository (or any of the parent directories): .git
2024-09-27 15:28:18.203 [info] > git rev-parse --show-toplevel [1ms]
2024-09-27 15:28:18.203 [info] fatal: not a git repository (or any of the parent directories): .git
2024-09-27 15:28:18.207 [info] > git rev-parse --show-toplevel [1ms]
2024-09-27 15:28:18.207 [info] fatal: not a git repository (or any of the parent directories): .git
2024-09-27 15:28:18.935 [info] > git rev-parse --show-toplevel [1ms]
2024-09-27 15:28:18.935 [info] fatal: not a git repository (or any of the parent directories): .git
2024-09-27 15:28:18.942 [info] > git rev-parse --show-toplevel [1ms]
2024-09-27 15:28:18.942 [info] fatal: not a git repository (or any of the parent directories): .git
2024-09-27 15:28:18.946 [info] > git rev-parse --show-toplevel [1ms]
2024-09-27 15:28:18.946 [info] fatal: not a git repository (or any of the parent directories): .git
2024-09-27 15:28:19.746 [info] > git rev-parse --show-toplevel [3ms]
2024-09-27 15:28:19.747 [info] fatal: not a git repository (or any of the parent directories): .git
2024-09-27 15:28:19.752 [info] > git rev-parse --show-toplevel [1ms]
2024-09-27 15:28:19.752 [info] fatal: not a git repository (or any of the parent directories): .git
2024-09-27 15:28:19.756 [info] > git rev-parse --show-toplevel [1ms]
2024-09-27 15:28:19.756 [info] fatal: not a git repository (or any of the parent directories): .git
2024-09-27 15:28:20.560 [info] > git rev-parse --show-toplevel [1ms]
2024-09-27 15:28:20.560 [info] fatal: not a git repository (or any of the parent directories): .git
2024-09-27 15:28:20.569 [info] > git rev-parse --show-toplevel [1ms]
2024-09-27 15:28:20.569 [info] fatal: not a git repository (or any of the parent directories): .git
2024-09-27 15:28:20.577 [info] > git rev-parse --show-toplevel [1ms]
2024-09-27 15:28:20.577 [info] fatal: not a git repository (or any of the parent directories): .git
2024-09-27 15:28:29.036 [info] > git rev-parse --show-toplevel [2ms]
2024-09-27 15:28:29.036 [info] fatal: not a git repository (or any of the parent directories): .git
2024-09-27 15:28:29.054 [info] > git rev-parse --show-toplevel [1ms]
2024-09-27 15:28:29.054 [info] fatal: not a git repository (or any of the parent directories): .git
2024-09-27 15:28:29.061 [info] > git rev-parse --show-toplevel [1ms]
2024-09-27 15:28:29.061 [info] fatal: not a git repository (or any of the parent directories): .git
2024-09-27 15:28:42.440 [info] > git rev-parse --show-toplevel [1ms]
2024-09-27 15:28:42.441 [info] fatal: not a git repository (or any of the parent directories): .git
2024-09-27 15:28:42.471 [info] > git rev-parse --show-toplevel [1ms]
2024-09-27 15:28:42.471 [info] fatal: not a git repository (or any of the parent directories): .git
2024-09-27 15:28:42.475 [info] > git rev-parse --show-toplevel [1ms]
2024-09-27 15:28:42.475 [info] fatal: not a git repository (or any of the parent directories): .git
2024-09-27 15:28:46.086 [info] > git rev-parse --show-toplevel [1ms]
2024-09-27 15:28:46.086 [info] fatal: not a git repository (or any of the parent directories): .git
2024-09-27 15:28:46.116 [info] > git rev-parse --show-toplevel [1ms]
2024-09-27 15:28:46.116 [info] fatal: not a git repository (or any of the parent directories): .git
2024-09-27 15:28:46.120 [info] > git rev-parse --show-toplevel [1ms]
2024-09-27 15:28:46.120 [info] fatal: not a git repository (or any of the parent directories): .git
2024-09-27 15:29:38.424 [info] > git rev-parse --show-toplevel [1ms]
2024-09-27 15:29:38.424 [info] fatal: not a git repository (or any of the parent directories): .git
2024-09-27 15:29:38.429 [info] > git rev-parse --show-toplevel [1ms]
2024-09-27 15:29:38.429 [info] fatal: not a git repository (or any of the parent directories): .git
2024-09-27 15:29:38.432 [info] > git rev-parse --show-toplevel [1ms]
2024-09-27 15:29:38.432 [info] fatal: not a git repository (or any of the parent directories): .git
2024-09-27 15:30:03.158 [info] > git rev-parse --show-toplevel [1ms]
2024-09-27 15:30:03.158 [info] fatal: not a git repository (or any of the parent directories): .git
2024-09-27 15:30:03.179 [info] > git rev-parse --show-toplevel [2ms]
2024-09-27 15:30:03.179 [info] fatal: not a git repository (or any of the parent directories): .git
2024-09-27 15:30:03.182 [info] > git rev-parse --show-toplevel [1ms]
2024-09-27 15:30:03.182 [info] fatal: not a git repository (or any of the parent directories): .git
2024-09-27 15:30:09.564 [info] > git rev-parse --show-toplevel [3ms]
2024-09-27 15:30:09.564 [info] fatal: not a git repository (or any of the parent directories): .git
2024-09-27 15:30:09.589 [info] > git rev-parse --show-toplevel [1ms]
2024-09-27 15:30:09.589 [info] fatal: not a git repository (or any of the parent directories): .git
2024-09-27 15:30:09.594 [info] > git rev-parse --show-toplevel [2ms]
2024-09-27 15:30:09.594 [info] fatal: not a git repository (or any of the parent directories): .git
2024-09-27 15:30:10.074 [info] > git rev-parse --show-toplevel [1ms]
2024-09-27 15:30:10.074 [info] fatal: not a git repository (or any of the parent directories): .git
2024-09-27 15:30:10.082 [info] > git rev-parse --show-toplevel [1ms]
2024-09-27 15:30:10.082 [info] fatal: not a git repository (or any of the parent directories): .git
2024-09-27 15:30:10.086 [info] > git rev-parse --show-toplevel [2ms]
2024-09-27 15:30:10.086 [info] fatal: not a git repository (or any of the parent directories): .git
2024-09-27 15:30:11.555 [info] > git rev-parse --show-toplevel [2ms]
2024-09-27 15:30:11.555 [info] fatal: not a git repository (or any of the parent directories): .git
2024-09-27 15:30:11.567 [info] > git rev-parse --show-toplevel [1ms]
2024-09-27 15:30:11.568 [info] fatal: not a git repository (or any of the parent directories): .git
2024-09-27 15:30:11.571 [info] > git rev-parse --show-toplevel [1ms]
2024-09-27 15:30:11.571 [info] fatal: not a git repository (or any of the parent directories): .git
2024-09-27 15:30:17.407 [info] > git rev-parse --show-toplevel [3ms]
2024-09-27 15:30:17.407 [info] fatal: not a git repository (or any of the parent directories): .git
2024-09-27 15:30:17.412 [info] > git rev-parse --show-toplevel [1ms]
2024-09-27 15:30:17.412 [info] fatal: not a git repository (or any of the parent directories): .git
2024-09-27 15:30:17.417 [info] > git rev-parse --show-toplevel [1ms]
2024-09-27 15:30:17.417 [info] fatal: not a git repository (or any of the parent directories): .git
2024-09-27 15:30:18.005 [info] > git rev-parse --show-toplevel [1ms]
2024-09-27 15:30:18.005 [info] fatal: not a git repository (or any of the parent directories): .git
2024-09-27 15:30:18.012 [info] > git rev-parse --show-toplevel [1ms]
2024-09-27 15:30:18.012 [info] fatal: not a git repository (or any of the parent directories): .git
2024-09-27 15:30:18.016 [info] > git rev-parse --show-toplevel [1ms]
2024-09-27 15:30:18.016 [info] fatal: not a git repository (or any of the parent directories): .git
2024-09-27 15:30:19.615 [info] > git rev-parse --show-toplevel [1ms]
2024-09-27 15:30:19.615 [info] fatal: not a git repository (or any of the parent directories): .git
2024-09-27 15:30:19.624 [info] > git rev-parse --show-toplevel [1ms]
2024-09-27 15:30:19.624 [info] fatal: not a git repository (or any of the parent directories): .git
2024-09-27 15:30:19.627 [info] > git rev-parse --show-toplevel [1ms]
2024-09-27 15:30:19.627 [info] fatal: not a git repository (or any of the parent directories): .git
2024-09-27 15:30:20.166 [info] > git rev-parse --show-toplevel [4ms]
2024-09-27 15:30:20.166 [info] fatal: not a git repository (or any of the parent directories): .git
2024-09-27 15:30:20.174 [info] > git rev-parse --show-toplevel [1ms]
2024-09-27 15:30:20.174 [info] fatal: not a git repository (or any of the parent directories): .git
2024-09-27 15:30:20.180 [info] > git rev-parse --show-toplevel [2ms]
2024-09-27 15:30:20.180 [info] fatal: not a git repository (or any of the parent directories): .git
2024-09-27 15:30:21.501 [info] > git rev-parse --show-toplevel [1ms]
2024-09-27 15:30:21.501 [info] fatal: not a git repository (or any of the parent directories): .git
2024-09-27 15:30:21.507 [info] > git rev-parse --show-toplevel [1ms]
2024-09-27 15:30:21.507 [info] fatal: not a git repository (or any of the parent directories): .git
2024-09-27 15:30:21.511 [info] > git rev-parse --show-toplevel [1ms]
2024-09-27 15:30:21.511 [info] fatal: not a git repository (or any of the parent directories): .git
2024-09-27 15:30:21.923 [info] > git rev-parse --show-toplevel [1ms]
2024-09-27 15:30:21.924 [info] fatal: not a git repository (or any of the parent directories): .git
2024-09-27 15:30:21.931 [info] > git rev-parse --show-toplevel [2ms]
2024-09-27 15:30:21.932 [info] fatal: not a git repository (or any of the parent directories): .git
2024-09-27 15:30:21.937 [info] > git rev-parse --show-toplevel [2ms]
2024-09-27 15:30:21.937 [info] fatal: not a git repository (or any of the parent directories): .git
2024-09-27 15:30:23.242 [info] > git rev-parse --show-toplevel [1ms]
2024-09-27 15:30:23.242 [info] fatal: not a git repository (or any of the parent directories): .git
2024-09-27 15:30:23.252 [info] > git rev-parse --show-toplevel [2ms]
2024-09-27 15:30:23.252 [info] fatal: not a git repository (or any of the parent directories): .git
2024-09-27 15:30:23.257 [info] > git rev-parse --show-toplevel [1ms]
2024-09-27 15:30:23.257 [info] fatal: not a git repository (or any of the parent directories): .git
2024-09-27 15:30:24.206 [info] > git rev-parse --show-toplevel [1ms]
2024-09-27 15:30:24.206 [info] fatal: not a git repository (or any of the parent directories): .git
2024-09-27 15:30:24.213 [info] > git rev-parse --show-toplevel [1ms]
2024-09-27 15:30:24.213 [info] fatal: not a git repository (or any of the parent directories): .git
2024-09-27 15:30:24.217 [info] > git rev-parse --show-toplevel [1ms]
2024-09-27 15:30:24.217 [info] fatal: not a git repository (or any of the parent directories): .git
2024-09-27 15:30:32.045 [info] > git rev-parse --show-toplevel [2ms]
2024-09-27 15:30:32.045 [info] fatal: not a git repository (or any of the parent directories): .git
2024-09-27 15:30:32.063 [info] > git rev-parse --show-toplevel [2ms]
2024-09-27 15:30:32.063 [info] fatal: not a git repository (or any of the parent directories): .git
2024-09-27 15:30:32.066 [info] > git rev-parse --show-toplevel [1ms]
2024-09-27 15:30:32.066 [info] fatal: not a git repository (or any of the parent directories): .git
2024-09-27 15:30:32.756 [info] > git rev-parse --show-toplevel [2ms]
2024-09-27 15:30:32.756 [info] fatal: not a git repository (or any of the parent directories): .git
2024-09-27 15:30:32.761 [info] > git rev-parse --show-toplevel [1ms]
2024-09-27 15:30:32.761 [info] fatal: not a git repository (or any of the parent directories): .git
2024-09-27 15:30:32.764 [info] > git rev-parse --show-toplevel [1ms]
2024-09-27 15:30:32.764 [info] fatal: not a git repository (or any of the parent directories): .git
2024-09-27 15:30:34.026 [info] > git rev-parse --show-toplevel [1ms]
2024-09-27 15:30:34.027 [info] fatal: not a git repository (or any of the parent directories): .git
2024-09-27 15:30:34.033 [info] > git rev-parse --show-toplevel [1ms]
2024-09-27 15:30:34.033 [info] fatal: not a git repository (or any of the parent directories): .git
2024-09-27 15:30:34.036 [info] > git rev-parse --show-toplevel [1ms]
2024-09-27 15:30:34.037 [info] fatal: not a git repository (or any of the parent directories): .git
2024-09-27 15:30:35.550 [info] > git rev-parse --show-toplevel [2ms]
2024-09-27 15:30:35.550 [info] fatal: not a git repository (or any of the parent directories): .git
2024-09-27 15:30:35.559 [info] > git rev-parse --show-toplevel [1ms]
2024-09-27 15:30:35.559 [info] fatal: not a git repository (or any of the parent directories): .git
2024-09-27 15:30:35.563 [info] > git rev-parse --show-toplevel [1ms]
2024-09-27 15:30:35.563 [info] fatal: not a git repository (or any of the parent directories): .git
2024-09-27 15:30:37.107 [info] > git rev-parse --show-toplevel [1ms]
2024-09-27 15:30:37.107 [info] fatal: not a git repository (or any of the parent directories): .git
2024-09-27 15:30:37.116 [info] > git rev-parse --show-toplevel [1ms]
2024-09-27 15:30:37.116 [info] fatal: not a git repository (or any of the parent directories): .git
2024-09-27 15:30:37.119 [info] > git rev-parse --show-toplevel [1ms]
2024-09-27 15:30:37.119 [info] fatal: not a git repository (or any of the parent directories): .git
2024-09-27 15:30:37.403 [info] > git rev-parse --show-toplevel [2ms]
2024-09-27 15:30:37.403 [info] fatal: not a git repository (or any of the parent directories): .git
2024-09-27 15:30:37.427 [info] > git rev-parse --show-toplevel [1ms]
2024-09-27 15:30:37.427 [info] fatal: not a git repository (or any of the parent directories): .git
2024-09-27 15:30:37.431 [info] > git rev-parse --show-toplevel [1ms]
2024-09-27 15:30:37.431 [info] fatal: not a git repository (or any of the parent directories): .git
2024-09-27 15:32:31.212 [info] > git rev-parse --show-toplevel [2ms]
2024-09-27 15:32:31.212 [info] fatal: not a git repository (or any of the parent directories): .git
2024-09-27 15:32:31.224 [info] > git rev-parse --show-toplevel [1ms]
2024-09-27 15:32:31.224 [info] fatal: not a git repository (or any of the parent directories): .git
2024-09-27 15:32:31.228 [info] > git rev-parse --show-toplevel [1ms]
2024-09-27 15:32:31.228 [info] fatal: not a git repository (or any of the parent directories): .git
2024-09-27 15:32:31.820 [info] > git rev-parse --show-toplevel [1ms]
2024-09-27 15:32:31.820 [info] fatal: not a git repository (or any of the parent directories): .git
2024-09-27 15:32:31.826 [info] > git rev-parse --show-toplevel [1ms]
2024-09-27 15:32:31.827 [info] fatal: not a git repository (or any of the parent directories): .git
2024-09-27 15:32:31.831 [info] > git rev-parse --show-toplevel [2ms]
2024-09-27 15:32:31.831 [info] fatal: not a git repository (or any of the parent directories): .git
2024-09-27 15:32:32.677 [info] > git rev-parse --show-toplevel [2ms]
2024-09-27 15:32:32.677 [info] fatal: not a git repository (or any of the parent directories): .git
2024-09-27 15:32:32.686 [info] > git rev-parse --show-toplevel [2ms]
2024-09-27 15:32:32.686 [info] fatal: not a git repository (or any of the parent directories): .git
2024-09-27 15:32:32.691 [info] > git rev-parse --show-toplevel [2ms]
2024-09-27 15:32:32.691 [info] fatal: not a git repository (or any of the parent directories): .git
2024-09-27 15:32:33.712 [info] > git rev-parse --show-toplevel [2ms]
2024-09-27 15:32:33.712 [info] fatal: not a git repository (or any of the parent directories): .git
2024-09-27 15:32:43.818 [info] > git rev-parse --show-toplevel [1ms]
2024-09-27 15:32:43.818 [info] fatal: not a git repository (or any of the parent directories): .git
2024-09-27 15:48:11.361 [info] > git rev-parse --show-toplevel [1ms]
2024-09-27 15:48:11.361 [info] fatal: not a git repository (or any of the parent directories): .git
2024-09-27 15:48:12.399 [info] > git rev-parse --show-toplevel [1ms]
2024-09-27 15:48:12.399 [info] fatal: not a git repository (or any of the parent directories): .git
2024-09-27 15:48:13.023 [info] > git rev-parse --show-toplevel [1ms]
2024-09-27 15:48:13.023 [info] fatal: not a git repository (or any of the parent directories): .git
2024-09-27 15:48:13.455 [info] > git rev-parse --show-toplevel [1ms]
2024-09-27 15:48:13.455 [info] fatal: not a git repository (or any of the parent directories): .git
